\BOOKMARK [1][-]{section.1}{Introduction}{}% 1
\BOOKMARK [1][-]{section.2}{Methods}{}% 2
\BOOKMARK [2][-]{subsection.2.1}{Retrieving Natural Experiment Studies in the Field of Leadership}{section.2}% 3
\BOOKMARK [2][-]{subsection.2.2}{Characterizing the Natural Experiment Studies}{section.2}% 4
\BOOKMARK [1][-]{section.3}{Literature Review}{}% 5
\BOOKMARK [2][-]{subsection.3.1}{Standard Natural Experiments}{section.3}% 6
\BOOKMARK [3][-]{subsubsection.3.1.1}{Standard Natural Experiment and Leadership Research}{subsection.3.1}% 7
\BOOKMARK [3][-]{subsubsection.3.1.2}{Standard Natural Experiment Examples}{subsection.3.1}% 8
\BOOKMARK [2][-]{subsection.3.2}{Instrumental Variable Designs}{section.3}% 9
\BOOKMARK [3][-]{subsubsection.3.2.1}{Instrumental Variable Designs and Leadership Research}{subsection.3.2}% 10
\BOOKMARK [3][-]{subsubsection.3.2.2}{Instrumental Variable Design Examples}{subsection.3.2}% 11
\BOOKMARK [2][-]{subsection.3.3}{Regression Discontinuity Design}{section.3}% 12
\BOOKMARK [3][-]{subsubsection.3.3.1}{Regression Discontinuity Designs and Leadership Research}{subsection.3.3}% 13
\BOOKMARK [3][-]{subsubsection.3.3.2}{Regression Discontinuity Design Examples}{subsection.3.3}% 14
\BOOKMARK [1][-]{section.4}{Natural Experiments in Leadership Research: Guidelines}{}% 15
\BOOKMARK [2][-]{subsection.4.1}{Discovering Natural Experiments}{section.4}% 16
\BOOKMARK [2][-]{subsection.4.2}{Deciding about the Form of the Natural Experiment}{section.4}% 17
\BOOKMARK [2][-]{subsection.4.3}{Analyzing Natural Experiments}{section.4}% 18
\BOOKMARK [3][-]{subsubsection.4.3.1}{Analyzing Standard Natural Experiments}{subsection.4.3}% 19
\BOOKMARK [3][-]{subsubsection.4.3.2}{Analyzing Instrumental Variable Designs}{subsection.4.3}% 20
\BOOKMARK [3][-]{subsubsection.4.3.3}{Analyzing Regression Discontinuity Designs}{subsection.4.3}% 21
\BOOKMARK [1][-]{section.5}{Concluding Remarks}{}% 22
\BOOKMARK [1][-]{Appendix.1.A}{Retrieved Set of Studies }{}% 23
\BOOKMARK [1][-]{Appendix.1.B}{Topic Modelling of Abstracts}{}% 24
